<?xml version="1.0" encoding="UTF-8"?>
<!-- Generated by org.testng.reporters.JUnitXMLReporter -->
<testsuite ignored="0" hostname="LAPTOP-D0M08Q8V" failures="0" tests="2" name="Test" time="31.17" errors="0" timestamp="2021-12-06T15:31:31 IST">
  <testcase classname="com.basicspractices.radioboxesandcheckboxpractice" name="dynamicCheckboxSelection" time="9.477"/>
  <testcase classname="com.basicspractices.radioboxesandcheckboxpractice" name="dynamicRadioboxSelection" time="14.003"/>
</testsuite> <!-- Test -->
